TN:
SF:/home/vagrant/shared/lcov-merge/tests/fixtures/fixture.c
FN:4,main
FNDA:1,main
FNF:1
FNH:1
DA:4,1
DA:6,1
DA:7,1
DA:8,1
LF:4
LH:4
end_of_record
TN:example
SF:/home/vagrant/shared/lcov-merge/tests/fixtures/fixture.c
FN:4,main
FNDA:1,main
FNF:1
FNH:1
DA:4,1
DA:6,1
DA:7,1
DA:8,1
LF:4
LH:4
end_of_record
TN:
SF:/home/vagrant/shared/lcov-merge/tests/fixtures/func1.c
FN:5,func1
FNDA:2,func1
FNF:1
FNH:1
BRDA:8,0,0,1
BRDA:8,0,1,1
BRDA:11,0,0,1
BRDA:11,0,1,1
BRF:4
BRH:4
DA:5,2
DA:7,2
DA:8,2
DA:9,1
DA:11,2
DA:12,1
DA:14,2
DA:15,2
LF:8
LH:8
end_of_record
TN:example
SF:/home/vagrant/shared/lcov-merge/tests/fixtures/func1.c
FN:5,func1
FNDA:2,func1
FNF:1
FNH:1
BRDA:8,0,0,1
BRDA:8,0,1,1
BRDA:11,0,0,1
BRDA:11,0,1,1
BRF:4
BRH:4
DA:5,2
DA:7,2
DA:8,2
DA:9,1
DA:11,2
DA:12,1
DA:14,2
DA:15,2
LF:8
LH:8
end_of_record
TN:
SF:/home/vagrant/shared/lcov-merge/tests/fixtures/func2.c
FN:5,func2
FNDA:1,func2
FNF:1
FNH:1
BRDA:8,0,0,1
BRDA:8,0,1,0
BRDA:11,0,0,0
BRDA:11,0,1,1
BRF:4
BRH:2
DA:5,1
DA:7,1
DA:8,1
DA:9,1
DA:11,1
DA:12,0
DA:14,1
DA:15,1
LF:8
LH:7
end_of_record
TN:example
SF:/home/vagrant/shared/lcov-merge/tests/fixtures/func2.c
FN:5,func2
FNDA:1,func2
FNF:1
FNH:1
BRDA:8,0,0,1
BRDA:8,0,1,0
BRDA:11,0,0,0
BRDA:11,0,1,1
BRF:4
BRH:2
DA:5,1
DA:7,1
DA:8,1
DA:9,1
DA:11,1
DA:12,0
DA:14,1
DA:15,1
LF:8
LH:7
end_of_record
