TN:example
SF:/home/vagrant/shared/lcov-merge/tests/fixtures/fixture.c
FN:4,main
FNDA:2,main
FNF:1
FNH:1
DA:4,2
DA:6,2
DA:7,2
DA:8,2
LF:4
LH:4
end_of_record
TN:example
SF:/home/vagrant/shared/lcov-merge/tests/fixtures/func1.c
FN:5,func1
FNDA:4,func1
FNF:1
FNH:1
BRDA:8,0,0,2
BRDA:8,0,1,2
BRDA:11,0,0,2
BRDA:11,0,1,2
BRF:4
BRH:4
DA:5,4
DA:7,4
DA:8,4
DA:9,2
DA:11,4
DA:12,2
DA:14,4
DA:15,4
LF:8
LH:8
end_of_record
TN:example
SF:/home/vagrant/shared/lcov-merge/tests/fixtures/func2.c
FN:5,func2
FNDA:2,func2
FNF:1
FNH:1
BRDA:8,0,0,2
BRDA:8,0,1,0
BRDA:11,0,0,0
BRDA:11,0,1,2
BRF:4
BRH:2
DA:5,2
DA:7,2
DA:8,2
DA:9,2
DA:11,2
DA:12,0
DA:14,2
DA:15,2
LF:8
LH:7
end_of_record
